app/build/intermediates/manifest_merge_blame_file/debug/manifest-merger-blame-debug-report.txt
1<?xml version="1.0" encoding="utf-8"?>
2<manifest xmlns:android="http://schemas.android.com/apk/res/android"
3    package="com.example.hudie"
4    android:versionCode="1"
5    android:versionName="1.0" >
6
7    <uses-sdk
8        android:minSdkVersion="23"
8-->src/main/AndroidManifest.xml
9        android:targetSdkVersion="30" />
9-->src/main/AndroidManifest.xml
10
11    <uses-permission android:name="android.permission.INTERNET" />
11-->src/main/AndroidManifest.xml:5:5-67
11-->src/main/AndroidManifest.xml:5:22-64
12
13    <application
13-->src/main/AndroidManifest.xml:7:5-24:19
14        android:allowBackup="true"
14-->src/main/AndroidManifest.xml:8:9-35
15        android:appComponentFactory="androidx.core.app.CoreComponentFactory"
15-->[androidx.core:core:1.3.1] AndroidManifest.xml:24:18-86
16        android:debuggable="true"
17        android:extractNativeLibs="false"
18        android:icon="@mipmap/ic_launcher"
18-->src/main/AndroidManifest.xml:9:9-43
19        android:label="@string/app_name"
19-->src/main/AndroidManifest.xml:10:9-41
20        android:roundIcon="@mipmap/ic_launcher_round"
20-->src/main/AndroidManifest.xml:11:9-54
21        android:supportsRtl="true"
21-->src/main/AndroidManifest.xml:12:9-35
22        android:testOnly="true"
23        android:theme="@style/AppTheme" >
23-->src/main/AndroidManifest.xml:13:9-40
24        <activity android:name="com.example.hudie.Register" />
24-->src/main/AndroidManifest.xml:14:9-55
24-->src/main/AndroidManifest.xml:14:19-43
25        <activity android:name="com.example.hudie.activities.Home" />
25-->src/main/AndroidManifest.xml:15:9-53
25-->src/main/AndroidManifest.xml:15:19-50
26        <activity android:name="com.example.hudie.activities.LoginActivity" />
26-->src/main/AndroidManifest.xml:16:9-62
26-->src/main/AndroidManifest.xml:16:19-59
27        <activity android:name="com.example.hudie.activities.MainActivity" >
27-->src/main/AndroidManifest.xml:17:9-23:20
27-->src/main/AndroidManifest.xml:17:19-58
28            <intent-filter>
28-->src/main/AndroidManifest.xml:18:13-22:29
29                <action android:name="android.intent.action.MAIN" />
29-->src/main/AndroidManifest.xml:19:17-69
29-->src/main/AndroidManifest.xml:19:25-66
30
31                <category android:name="android.intent.category.LAUNCHER" />
31-->src/main/AndroidManifest.xml:21:17-77
31-->src/main/AndroidManifest.xml:21:27-74
32            </intent-filter>
33        </activity>
34    </application>
35
36</manifest>